2025-07-24 00:26:11,320 - root - INFO - Starting data ingestion process...
2025-07-24 00:26:12,820 - root - INFO - Train set shape: (8844, 31), Test set shape: (2211, 31)
2025-07-24 00:26:12,821 - root - INFO - Train file path: Artifacts\20250724002609\data_ingestion\ingested\train.csv
2025-07-24 00:26:12,853 - root - INFO - Test file path: Artifacts\20250724002609\data_ingestion\ingested\test.csv
2025-07-24 00:26:12,862 - root - INFO - Data ingestion completed successfully.
2025-07-24 00:26:12,862 - root - INFO - Data ingestion completed successfully.
2025-07-24 00:26:12,867 - root - INFO - Initialte the data validation
2025-07-24 00:26:12,867 - root - INFO - Starting data validation process...
2025-07-24 00:26:13,011 - root - INFO - Data validation completed successfully.
2025-07-24 00:26:13,011 - root - INFO - Expected number of columns: 31, Actual number of columns: 31
2025-07-24 00:26:13,013 - root - INFO - Dataframe columns: ['having_IP_Address', 'URL_Length', 'Shortining_Service', 'having_At_Symbol', 'double_slash_redirecting', 'Prefix_Suffix', 'having_Sub_Domain', 'SSLfinal_State', 'Domain_registeration_length', 'Favicon', 'port', 'HTTPS_token', 'Request_URL', 'URL_of_Anchor', 'Links_in_tags', 'SFH', 'Submitting_to_email', 'Abnormal_URL', 'Redirect', 'on_mouseover', 'RightClick', 'popUpWidnow', 'Iframe', 'age_of_domain', 'DNSRecord', 'web_traffic', 'Page_Rank', 'Google_Index', 'Links_pointing_to_page', 'Statistical_report', 'Result']
2025-07-24 00:26:13,013 - root - INFO - Expected columns from schema: ['having_IP_Address', 'URL_Length', 'Shortining_Service', 'having_At_Symbol', 'double_slash_redirecting', 'Prefix_Suffix', 'having_Sub_Domain', 'SSLfinal_State', 'Domain_registeration_length', 'Favicon', 'port', 'HTTPS_token', 'Request_URL', 'URL_of_Anchor', 'Links_in_tags', 'SFH', 'Submitting_to_email', 'Abnormal_URL', 'Redirect', 'on_mouseover', 'RightClick', 'popUpWidnow', 'Iframe', 'age_of_domain', 'DNSRecord', 'web_traffic', 'Page_Rank', 'Google_Index', 'Links_pointing_to_page', 'Statistical_report', 'Result']
2025-07-24 00:26:13,013 - root - INFO - Expected number of columns: 31, Actual number of columns: 31
2025-07-24 00:26:13,013 - root - INFO - Dataframe columns: ['having_IP_Address', 'URL_Length', 'Shortining_Service', 'having_At_Symbol', 'double_slash_redirecting', 'Prefix_Suffix', 'having_Sub_Domain', 'SSLfinal_State', 'Domain_registeration_length', 'Favicon', 'port', 'HTTPS_token', 'Request_URL', 'URL_of_Anchor', 'Links_in_tags', 'SFH', 'Submitting_to_email', 'Abnormal_URL', 'Redirect', 'on_mouseover', 'RightClick', 'popUpWidnow', 'Iframe', 'age_of_domain', 'DNSRecord', 'web_traffic', 'Page_Rank', 'Google_Index', 'Links_pointing_to_page', 'Statistical_report', 'Result']
2025-07-24 00:26:13,013 - root - INFO - Expected columns from schema: ['having_IP_Address', 'URL_Length', 'Shortining_Service', 'having_At_Symbol', 'double_slash_redirecting', 'Prefix_Suffix', 'having_Sub_Domain', 'SSLfinal_State', 'Domain_registeration_length', 'Favicon', 'port', 'HTTPS_token', 'Request_URL', 'URL_of_Anchor', 'Links_in_tags', 'SFH', 'Submitting_to_email', 'Abnormal_URL', 'Redirect', 'on_mouseover', 'RightClick', 'popUpWidnow', 'Iframe', 'age_of_domain', 'DNSRecord', 'web_traffic', 'Page_Rank', 'Google_Index', 'Links_pointing_to_page', 'Statistical_report', 'Result']
2025-07-24 00:26:13,081 - root - INFO - Drift report written to: Artifacts\20250724002609\data_validation\drift_report\report.yaml
2025-07-24 00:26:13,121 - root - INFO - Data validation artifact created: DataValidationArtifact(validation_status=True, valid_train_file_path='Artifacts\\20250724002609\\data_validation\\validated\\train.csv', valid_test_file_path='Artifacts\\20250724002609\\data_validation\\validated\\test.csv', invalid_train_file_path='Artifacts\\20250724002609\\data_validation\\invalid\\train.csv', invalid_test_file_path='Artifacts\\20250724002609\\data_validation\\invalid\\test.csv', drift_report_file_path='Artifacts\\20250724002609\\data_validation\\drift_report\\report.yaml')
2025-07-24 00:26:13,121 - root - INFO - Data validation completed
2025-07-24 00:26:13,121 - root - INFO - Initiate data transformation
2025-07-24 00:26:13,121 - root - INFO - Starting data transformation process...
2025-07-24 00:26:13,121 - root - INFO - starting data transformation...
2025-07-24 00:26:13,281 - root - INFO - Creating data transformer object...
2025-07-24 00:26:13,281 - root - INFO - initializing data transformer object...
2025-07-24 00:26:13,291 - root - INFO - Saving object to: Artifacts\20250724002609\data_transformation\transformed_objects\preprocessor.pkl
2025-07-24 00:26:13,295 - root - INFO - Object saved to: Artifacts\20250724002609\data_transformation\transformed_objects\preprocessor.pkl
2025-07-24 00:26:13,295 - root - INFO - Data transformation completed
2025-07-24 00:26:13,295 - root - INFO - Model training started...
2025-07-24 00:26:13,328 - root - INFO - Evaluating model: logistic_regression
2025-07-24 00:26:32,330 - root - INFO - Evaluating model: knn
2025-07-24 00:26:35,000 - root - INFO - Evaluating model: decision_tree
2025-07-24 00:26:35,215 - root - INFO - Evaluating model: random_forest
2025-07-24 00:26:42,430 - root - INFO - Evaluating model: adaboost
2025-07-24 00:26:50,780 - root - INFO - Evaluating model: gradient_boosting
2025-07-24 00:27:07,885 - root - INFO - Saving object to: Artifacts\20250724002609\model_trainer\trained_model\model.pkl
2025-07-24 00:27:07,901 - root - INFO - Object saved to: Artifacts\20250724002609\model_trainer\trained_model\model.pkl
2025-07-24 00:27:07,901 - root - ERROR - Error occurred during data ingestion: Error occurred in file D:\My folder 2025\python for data science\projects\NetworkSecurity\networksecurity\components\model_trainer.py at line 116: ModelTrainerArtifact.__init__() got an unexpected keyword argument 'model_file_path'
