2025-07-24 00:31:18,094 - root - INFO - Starting data ingestion process...
2025-07-24 00:31:19,593 - root - INFO - Train set shape: (8844, 31), Test set shape: (2211, 31)
2025-07-24 00:31:19,593 - root - INFO - Train file path: Artifacts\20250724003116\data_ingestion\ingested\train.csv
2025-07-24 00:31:19,645 - root - INFO - Test file path: Artifacts\20250724003116\data_ingestion\ingested\test.csv
2025-07-24 00:31:19,653 - root - INFO - Data ingestion completed successfully.
2025-07-24 00:31:19,653 - root - INFO - Data ingestion completed successfully.
2025-07-24 00:31:19,656 - root - INFO - Initialte the data validation
2025-07-24 00:31:19,656 - root - INFO - Starting data validation process...
2025-07-24 00:31:19,742 - root - INFO - Data validation completed successfully.
2025-07-24 00:31:19,742 - root - INFO - Expected number of columns: 31, Actual number of columns: 31
2025-07-24 00:31:19,742 - root - INFO - Dataframe columns: ['having_IP_Address', 'URL_Length', 'Shortining_Service', 'having_At_Symbol', 'double_slash_redirecting', 'Prefix_Suffix', 'having_Sub_Domain', 'SSLfinal_State', 'Domain_registeration_length', 'Favicon', 'port', 'HTTPS_token', 'Request_URL', 'URL_of_Anchor', 'Links_in_tags', 'SFH', 'Submitting_to_email', 'Abnormal_URL', 'Redirect', 'on_mouseover', 'RightClick', 'popUpWidnow', 'Iframe', 'age_of_domain', 'DNSRecord', 'web_traffic', 'Page_Rank', 'Google_Index', 'Links_pointing_to_page', 'Statistical_report', 'Result']
2025-07-24 00:31:19,742 - root - INFO - Expected columns from schema: ['having_IP_Address', 'URL_Length', 'Shortining_Service', 'having_At_Symbol', 'double_slash_redirecting', 'Prefix_Suffix', 'having_Sub_Domain', 'SSLfinal_State', 'Domain_registeration_length', 'Favicon', 'port', 'HTTPS_token', 'Request_URL', 'URL_of_Anchor', 'Links_in_tags', 'SFH', 'Submitting_to_email', 'Abnormal_URL', 'Redirect', 'on_mouseover', 'RightClick', 'popUpWidnow', 'Iframe', 'age_of_domain', 'DNSRecord', 'web_traffic', 'Page_Rank', 'Google_Index', 'Links_pointing_to_page', 'Statistical_report', 'Result']
2025-07-24 00:31:19,742 - root - INFO - Expected number of columns: 31, Actual number of columns: 31
2025-07-24 00:31:19,742 - root - INFO - Dataframe columns: ['having_IP_Address', 'URL_Length', 'Shortining_Service', 'having_At_Symbol', 'double_slash_redirecting', 'Prefix_Suffix', 'having_Sub_Domain', 'SSLfinal_State', 'Domain_registeration_length', 'Favicon', 'port', 'HTTPS_token', 'Request_URL', 'URL_of_Anchor', 'Links_in_tags', 'SFH', 'Submitting_to_email', 'Abnormal_URL', 'Redirect', 'on_mouseover', 'RightClick', 'popUpWidnow', 'Iframe', 'age_of_domain', 'DNSRecord', 'web_traffic', 'Page_Rank', 'Google_Index', 'Links_pointing_to_page', 'Statistical_report', 'Result']
2025-07-24 00:31:19,742 - root - INFO - Expected columns from schema: ['having_IP_Address', 'URL_Length', 'Shortining_Service', 'having_At_Symbol', 'double_slash_redirecting', 'Prefix_Suffix', 'having_Sub_Domain', 'SSLfinal_State', 'Domain_registeration_length', 'Favicon', 'port', 'HTTPS_token', 'Request_URL', 'URL_of_Anchor', 'Links_in_tags', 'SFH', 'Submitting_to_email', 'Abnormal_URL', 'Redirect', 'on_mouseover', 'RightClick', 'popUpWidnow', 'Iframe', 'age_of_domain', 'DNSRecord', 'web_traffic', 'Page_Rank', 'Google_Index', 'Links_pointing_to_page', 'Statistical_report', 'Result']
2025-07-24 00:31:19,801 - root - INFO - Drift report written to: Artifacts\20250724003116\data_validation\drift_report\report.yaml
2025-07-24 00:31:19,851 - root - INFO - Data validation artifact created: DataValidationArtifact(validation_status=True, valid_train_file_path='Artifacts\\20250724003116\\data_validation\\validated\\train.csv', valid_test_file_path='Artifacts\\20250724003116\\data_validation\\validated\\test.csv', invalid_train_file_path='Artifacts\\20250724003116\\data_validation\\invalid\\train.csv', invalid_test_file_path='Artifacts\\20250724003116\\data_validation\\invalid\\test.csv', drift_report_file_path='Artifacts\\20250724003116\\data_validation\\drift_report\\report.yaml')
2025-07-24 00:31:19,851 - root - INFO - Data validation completed
2025-07-24 00:31:19,851 - root - INFO - Initiate data transformation
2025-07-24 00:31:19,851 - root - INFO - Starting data transformation process...
2025-07-24 00:31:19,851 - root - INFO - starting data transformation...
2025-07-24 00:31:19,921 - root - INFO - Creating data transformer object...
2025-07-24 00:31:19,921 - root - INFO - initializing data transformer object...
2025-07-24 00:31:19,969 - root - INFO - Saving object to: Artifacts\20250724003116\data_transformation\transformed_objects\preprocessor.pkl
2025-07-24 00:31:19,972 - root - INFO - Object saved to: Artifacts\20250724003116\data_transformation\transformed_objects\preprocessor.pkl
2025-07-24 00:31:19,972 - root - INFO - Data transformation completed
2025-07-24 00:31:19,972 - root - INFO - Model training started...
2025-07-24 00:31:20,001 - root - INFO - Evaluating model: logistic_regression
2025-07-24 00:31:25,351 - root - INFO - Evaluating model: knn
2025-07-24 00:31:28,147 - root - INFO - Evaluating model: decision_tree
2025-07-24 00:31:28,362 - root - INFO - Evaluating model: random_forest
2025-07-24 00:31:35,443 - root - INFO - Evaluating model: adaboost
2025-07-24 00:31:43,723 - root - INFO - Evaluating model: gradient_boosting
2025-07-24 00:32:00,421 - root - INFO - Saving object to: Artifacts\20250724003116\model_trainer\trained_model\model.pkl
2025-07-24 00:32:00,433 - root - INFO - Object saved to: Artifacts\20250724003116\model_trainer\trained_model\model.pkl
2025-07-24 00:32:00,434 - root - INFO - Model training completed successfully.
