2025-07-23 00:36:25,477 - root - INFO - Starting data ingestion process...
2025-07-23 00:36:26,867 - root - INFO - Train set shape: (8844, 31), Test set shape: (2211, 31)
2025-07-23 00:36:26,867 - root - INFO - Train file path: Artifacts\20250723003624\data_ingestion\ingested\train.csv
2025-07-23 00:36:26,887 - root - INFO - Test file path: Artifacts\20250723003624\data_ingestion\ingested\test.csv
2025-07-23 00:36:26,900 - root - INFO - Data ingestion completed successfully.
2025-07-23 00:36:26,900 - root - INFO - Data ingestion completed successfully.
2025-07-23 00:36:26,900 - root - INFO - Initialte the data validation
2025-07-23 00:36:26,900 - root - INFO - Starting data validation process...
2025-07-23 00:36:26,967 - root - INFO - Data validation completed successfully.
2025-07-23 00:36:26,967 - root - INFO - Expected number of columns: 31, Actual number of columns: 31
2025-07-23 00:36:26,967 - root - INFO - Dataframe columns: ['having_IP_Address', 'URL_Length', 'Shortining_Service', 'having_At_Symbol', 'double_slash_redirecting', 'Prefix_Suffix', 'having_Sub_Domain', 'SSLfinal_State', 'Domain_registeration_length', 'Favicon', 'port', 'HTTPS_token', 'Request_URL', 'URL_of_Anchor', 'Links_in_tags', 'SFH', 'Submitting_to_email', 'Abnormal_URL', 'Redirect', 'on_mouseover', 'RightClick', 'popUpWidnow', 'Iframe', 'age_of_domain', 'DNSRecord', 'web_traffic', 'Page_Rank', 'Google_Index', 'Links_pointing_to_page', 'Statistical_report', 'Result']
2025-07-23 00:36:26,967 - root - INFO - Expected columns from schema: ['having_IP_Address', 'URL_Length', 'Shortining_Service', 'having_At_Symbol', 'double_slash_redirecting', 'Prefix_Suffix', 'having_Sub_Domain', 'SSLfinal_State', 'Domain_registeration_length', 'Favicon', 'port', 'HTTPS_token', 'Request_URL', 'URL_of_Anchor', 'Links_in_tags', 'SFH', 'Submitting_to_email', 'Abnormal_URL', 'Redirect', 'on_mouseover', 'RightClick', 'popUpWidnow', 'Iframe', 'age_of_domain', 'DNSRecord', 'web_traffic', 'Page_Rank', 'Google_Index', 'Links_pointing_to_page', 'Statistical_report', 'Result']
2025-07-23 00:36:26,967 - root - INFO - Expected number of columns: 31, Actual number of columns: 31
2025-07-23 00:36:26,967 - root - INFO - Dataframe columns: ['having_IP_Address', 'URL_Length', 'Shortining_Service', 'having_At_Symbol', 'double_slash_redirecting', 'Prefix_Suffix', 'having_Sub_Domain', 'SSLfinal_State', 'Domain_registeration_length', 'Favicon', 'port', 'HTTPS_token', 'Request_URL', 'URL_of_Anchor', 'Links_in_tags', 'SFH', 'Submitting_to_email', 'Abnormal_URL', 'Redirect', 'on_mouseover', 'RightClick', 'popUpWidnow', 'Iframe', 'age_of_domain', 'DNSRecord', 'web_traffic', 'Page_Rank', 'Google_Index', 'Links_pointing_to_page', 'Statistical_report', 'Result']
2025-07-23 00:36:26,967 - root - INFO - Expected columns from schema: ['having_IP_Address', 'URL_Length', 'Shortining_Service', 'having_At_Symbol', 'double_slash_redirecting', 'Prefix_Suffix', 'having_Sub_Domain', 'SSLfinal_State', 'Domain_registeration_length', 'Favicon', 'port', 'HTTPS_token', 'Request_URL', 'URL_of_Anchor', 'Links_in_tags', 'SFH', 'Submitting_to_email', 'Abnormal_URL', 'Redirect', 'on_mouseover', 'RightClick', 'popUpWidnow', 'Iframe', 'age_of_domain', 'DNSRecord', 'web_traffic', 'Page_Rank', 'Google_Index', 'Links_pointing_to_page', 'Statistical_report', 'Result']
2025-07-23 00:36:27,027 - root - INFO - Drift report written to: Artifacts\20250723003624\data_validation\drift_report\report.yaml
2025-07-23 00:36:27,065 - root - INFO - Data validation artifact created: DataValidationArtifact(validation_status=True, valid_train_file_path='Artifacts\\20250723003624\\data_validation\\validated\\train.csv', valid_test_file_path='Artifacts\\20250723003624\\data_validation\\validated\\test.csv', invalid_train_file_path='Artifacts\\20250723003624\\data_validation\\invalid\\train.csv', invalid_test_file_path='Artifacts\\20250723003624\\data_validation\\invalid\\test.csv', drift_report_file_path='Artifacts\\20250723003624\\data_validation\\drift_report\\report.yaml')
2025-07-23 00:36:27,065 - root - INFO - Data validation completed
2025-07-23 00:36:27,066 - root - INFO - Initiate data transformation
2025-07-23 00:36:27,066 - root - INFO - Starting data transformation process...
2025-07-23 00:36:27,066 - root - INFO - starting data transformation...
2025-07-23 00:36:27,127 - root - INFO - Creating data transformer object...
2025-07-23 00:36:27,127 - root - INFO - initializing data transformer object...
2025-07-23 00:36:27,137 - root - INFO - Saving object to: Artifacts\20250723003624\data_transformation\transformed_objects\preprocessor.pkl
2025-07-23 00:36:27,141 - root - INFO - Object saved to: Artifacts\20250723003624\data_transformation\transformed_objects\preprocessor.pkl
2025-07-23 00:36:27,141 - root - INFO - Data transformation completed
